Unknown contents: dir
Unknown contents: dir
Unknown contents: dir
Unknown contents: dir
Unknown contents: dir
Unknown contents: dir
Unknown contents: dir
Unknown contents: dir
Unknown contents: dir
Unknown contents: dir
Unknown contents: dir
Unknown contents: dir
Unknown contents: dir
Unknown contents: dir
Unknown contents: dir
Unknown contents: dir
Unknown contents: dir
Unknown contents: dir
Unknown contents: dir
Unknown contents: dir
Unknown contents: dir
Unknown contents: dir
Unknown contents: dir
Unknown contents: dir
  Rendering README.md
  Rendered README.md (Duration: 0.5ms | Allocations: 291)
  Rendering README.md
  Rendered README.md (Duration: 0.6ms | Allocations: 291)
  Rendering README.md
  Rendered README.md (Duration: 0.8ms | Allocations: 291)
  Rendering README.md
  Rendered README.md (Duration: 3.7ms | Allocations: 3489)
  Rendering README.md
  Rendered README.md (Duration: 23.3ms | Allocations: 11275)
  Rendering README.md
  Rendered README.md (Duration: 22.7ms | Allocations: 10665)
  Rendering README.md
  Rendered README.md (Duration: 20.8ms | Allocations: 11254)
  Rendering README.md
  Rendered README.md (Duration: 22.0ms | Allocations: 11275)
  Rendering README.md
  Rendered README.md (Duration: 20.7ms | Allocations: 7868)
  Rendering README.md
  Rendered README.md (Duration: 171.1ms | Allocations: 243752)
  Rendering README.md
  Rendered README.md (Duration: 159.5ms | Allocations: 235769)
  Rendering README.md
  Rendered README.md (Duration: 154.3ms | Allocations: 236190)
  Rendering README.md
  Rendered README.md (Duration: 156.7ms | Allocations: 236191)
  Rendering README.md
  Rendered README.md (Duration: 1123.9ms | Allocations: 259987)
  Rendering README.md
  Rendered README.md (Duration: 111219.4ms | Allocations: 500523)
  Rendering README.md
  Rendered README.md (Duration: 1400.7ms | Allocations: 242241)
  Rendering README.md
  Rendered README.md (Duration: 163.7ms | Allocations: 243764)
  Rendering README.md
  Rendered README.md (Duration: 162.5ms | Allocations: 243754)
  Rendering README.md
  Rendered README.md (Duration: 22.7ms | Allocations: 9374)
  Rendering README.md
  Rendered README.md (Duration: 2.8ms | Allocations: 1095)
  Rendering README.md
  Rendered README.md (Duration: 2.4ms | Allocations: 1109)
  Rendering README.md
  Rendered README.md (Duration: 10127.5ms | Allocations: 261649)
  Rendering README.md
  Rendered README.md (Duration: 1480.1ms | Allocations: 242395)
  Rendering README.md
  Rendered README.md (Duration: 167.6ms | Allocations: 243759)
  Rendering README.md
  Rendered README.md (Duration: 160.1ms | Allocations: 243762)
  Rendering README.md
  Rendered README.md (Duration: 19.9ms | Allocations: 7867)
  Rendering test.md
  Rendered test.md (Duration: 22.1ms | Allocations: 7991)
